<?xml version="1.0" encoding="UTF-8"?>
<robot generator="Robot 7.3.2 (Python 3.13.5 on darwin)" generated="2025-10-07T18:07:16.858753" rpa="false" schemaversion="5">
<suite id="s1" name="Login" source="/Users/user/Documents/robot-test-project-cicd/tests/login.robot">
<test id="s1-t1" name="Login success" line="10">
<kw name="Open Browser To Login Page" owner="keywords" type="SETUP">
<kw name="Evaluate" owner="BuiltIn">
<msg time="2025-10-07T18:07:17.120571" level="INFO">${options} = &lt;selenium.webdriver.chrome.options.Options object at 0x107b1dd30&gt;</msg>
<var>${options}</var>
<arg>sys.modules['selenium.webdriver'].ChromeOptions()</arg>
<arg>sys, selenium.webdriver</arg>
<doc>Evaluates the given expression in Python and returns the result.</doc>
<status status="PASS" start="2025-10-07T18:07:17.119694" elapsed="0.000998"/>
</kw>
<kw name="Call Method" owner="BuiltIn">
<arg>${options}</arg>
<arg>add_argument</arg>
<arg>--headless</arg>
<doc>Calls the named method of the given object with the provided arguments.</doc>
<status status="PASS" start="2025-10-07T18:07:17.121089" elapsed="0.000403"/>
</kw>
<kw name="Call Method" owner="BuiltIn">
<arg>${options}</arg>
<arg>add_argument</arg>
<arg>--disable-gpu</arg>
<doc>Calls the named method of the given object with the provided arguments.</doc>
<status status="PASS" start="2025-10-07T18:07:17.121802" elapsed="0.000380"/>
</kw>
<kw name="Call Method" owner="BuiltIn">
<arg>${options}</arg>
<arg>add_argument</arg>
<arg>--no-sandbox</arg>
<doc>Calls the named method of the given object with the provided arguments.</doc>
<status status="PASS" start="2025-10-07T18:07:17.122483" elapsed="0.000337"/>
</kw>
<kw name="Call Method" owner="BuiltIn">
<arg>${options}</arg>
<arg>add_argument</arg>
<arg>--disable-dev-shm-usage</arg>
<doc>Calls the named method of the given object with the provided arguments.</doc>
<status status="PASS" start="2025-10-07T18:07:17.123107" elapsed="0.000634"/>
</kw>
<kw name="Create Webdriver" owner="SeleniumLibrary">
<msg time="2025-10-07T18:07:17.124509" level="INFO">Creating an instance of the Chrome WebDriver.</msg>
<arg>Chrome</arg>
<arg>options=${options}</arg>
<doc>Creates an instance of Selenium WebDriver.</doc>
<status status="PASS" start="2025-10-07T18:07:17.124069" elapsed="1.360654"/>
</kw>
<kw name="Go To" owner="SeleniumLibrary">
<msg time="2025-10-07T18:07:18.485955" level="INFO">Opening url 'https://www.saucedemo.com/'</msg>
<arg>${URL}</arg>
<doc>Navigates the current browser window to the provided ``url``.</doc>
<status status="PASS" start="2025-10-07T18:07:18.485416" elapsed="1.717565"/>
</kw>
<kw name="Maximize Browser Window" owner="SeleniumLibrary">
<doc>Maximizes current browser window.</doc>
<status status="PASS" start="2025-10-07T18:07:20.203215" elapsed="0.037365"/>
</kw>
<kw name="Wait Until Element Is Visible" owner="SeleniumLibrary">
<arg>${INPUT_USERNAME}</arg>
<arg>10s</arg>
<doc>Waits until the element ``locator`` is visible.</doc>
<status status="PASS" start="2025-10-07T18:07:20.240898" elapsed="0.091024"/>
</kw>
<status status="PASS" start="2025-10-07T18:07:17.118320" elapsed="3.213942"/>
</kw>
<kw name="Input Username" owner="keywords">
<kw name="Input Text" owner="SeleniumLibrary">
<msg time="2025-10-07T18:07:20.334408" level="INFO">Typing text 'standard_user' into text field 'id=user-name'.</msg>
<arg>${INPUT_USERNAME}</arg>
<arg>${username}</arg>
<doc>Types the given ``text`` into the text field identified by ``locator``.</doc>
<status status="PASS" start="2025-10-07T18:07:20.334033" elapsed="0.303862"/>
</kw>
<arg>${VALID_USER}</arg>
<status status="PASS" start="2025-10-07T18:07:20.333141" elapsed="0.304938"/>
</kw>
<kw name="Input Password" owner="keywords">
<kw name="Input Text" owner="SeleniumLibrary">
<msg time="2025-10-07T18:07:20.640144" level="INFO">Typing text 'secret_sauce' into text field 'id=password'.</msg>
<arg>${INPUT_PASSWORD}</arg>
<arg>${password}</arg>
<doc>Types the given ``text`` into the text field identified by ``locator``.</doc>
<status status="PASS" start="2025-10-07T18:07:20.639562" elapsed="0.216728"/>
</kw>
<arg>${VALID_PASS}</arg>
<status status="PASS" start="2025-10-07T18:07:20.638615" elapsed="0.217844"/>
</kw>
<kw name="Submit Login" owner="keywords">
<kw name="Click Button" owner="SeleniumLibrary">
<msg time="2025-10-07T18:07:20.858146" level="INFO">Clicking button 'id=login-button'.</msg>
<arg>${BTN_LOGIN}</arg>
<doc>Clicks the button identified by ``locator``.</doc>
<status status="PASS" start="2025-10-07T18:07:20.857208" elapsed="0.325270"/>
</kw>
<status status="PASS" start="2025-10-07T18:07:20.856801" elapsed="0.325948"/>
</kw>
<kw name="Wait Until Element Is Visible" owner="SeleniumLibrary">
<arg>${BTN_BURGER}</arg>
<doc>Waits until the element ``locator`` is visible.</doc>
<status status="PASS" start="2025-10-07T18:07:21.184331" elapsed="0.033684"/>
</kw>
<kw name="Close Browser" owner="keywords" type="TEARDOWN">
<kw name="Close All Browsers" owner="SeleniumLibrary">
<doc>Closes all open browsers and resets the browser cache.</doc>
<status status="PASS" start="2025-10-07T18:07:21.218981" elapsed="0.113902"/>
</kw>
<doc>ปิดเบราว์เซอร์ทั้งหมด</doc>
<status status="PASS" start="2025-10-07T18:07:21.218556" elapsed="0.114597"/>
</kw>
<doc>To verify that a user can login  successfully when they put a correct username and password.</doc>
<status status="PASS" start="2025-10-07T18:07:17.117025" elapsed="4.216509"/>
</test>
<test id="s1-t2" name="Login failed" line="19">
<kw name="Open Browser To Login Page" owner="keywords" type="SETUP">
<kw name="Evaluate" owner="BuiltIn">
<msg time="2025-10-07T18:07:21.337142" level="INFO">${options} = &lt;selenium.webdriver.chrome.options.Options object at 0x107ac3250&gt;</msg>
<var>${options}</var>
<arg>sys.modules['selenium.webdriver'].ChromeOptions()</arg>
<arg>sys, selenium.webdriver</arg>
<doc>Evaluates the given expression in Python and returns the result.</doc>
<status status="PASS" start="2025-10-07T18:07:21.336404" elapsed="0.000826"/>
</kw>
<kw name="Call Method" owner="BuiltIn">
<arg>${options}</arg>
<arg>add_argument</arg>
<arg>--headless</arg>
<doc>Calls the named method of the given object with the provided arguments.</doc>
<status status="PASS" start="2025-10-07T18:07:21.337589" elapsed="0.000453"/>
</kw>
<kw name="Call Method" owner="BuiltIn">
<arg>${options}</arg>
<arg>add_argument</arg>
<arg>--disable-gpu</arg>
<doc>Calls the named method of the given object with the provided arguments.</doc>
<status status="PASS" start="2025-10-07T18:07:21.338276" elapsed="0.000251"/>
</kw>
<kw name="Call Method" owner="BuiltIn">
<arg>${options}</arg>
<arg>add_argument</arg>
<arg>--no-sandbox</arg>
<doc>Calls the named method of the given object with the provided arguments.</doc>
<status status="PASS" start="2025-10-07T18:07:21.338698" elapsed="0.000214"/>
</kw>
<kw name="Call Method" owner="BuiltIn">
<arg>${options}</arg>
<arg>add_argument</arg>
<arg>--disable-dev-shm-usage</arg>
<doc>Calls the named method of the given object with the provided arguments.</doc>
<status status="PASS" start="2025-10-07T18:07:21.339074" elapsed="0.000188"/>
</kw>
<kw name="Create Webdriver" owner="SeleniumLibrary">
<msg time="2025-10-07T18:07:21.339697" level="INFO">Creating an instance of the Chrome WebDriver.</msg>
<arg>Chrome</arg>
<arg>options=${options}</arg>
<doc>Creates an instance of Selenium WebDriver.</doc>
<status status="PASS" start="2025-10-07T18:07:21.339433" elapsed="1.429954"/>
</kw>
<kw name="Go To" owner="SeleniumLibrary">
<msg time="2025-10-07T18:07:22.776120" level="INFO">Opening url 'https://www.saucedemo.com/'</msg>
<arg>${URL}</arg>
<doc>Navigates the current browser window to the provided ``url``.</doc>
<status status="PASS" start="2025-10-07T18:07:22.775404" elapsed="0.484289"/>
</kw>
<kw name="Maximize Browser Window" owner="SeleniumLibrary">
<doc>Maximizes current browser window.</doc>
<status status="PASS" start="2025-10-07T18:07:23.260733" elapsed="0.031905"/>
</kw>
<kw name="Wait Until Element Is Visible" owner="SeleniumLibrary">
<arg>${INPUT_USERNAME}</arg>
<arg>10s</arg>
<doc>Waits until the element ``locator`` is visible.</doc>
<status status="PASS" start="2025-10-07T18:07:23.293100" elapsed="0.047947"/>
</kw>
<status status="PASS" start="2025-10-07T18:07:21.335740" elapsed="2.009187"/>
</kw>
<kw name="Input Username" owner="keywords">
<kw name="Input Text" owner="SeleniumLibrary">
<msg time="2025-10-07T18:07:23.353469" level="INFO">Typing text 'locked_out_user' into text field 'id=user-name'.</msg>
<arg>${INPUT_USERNAME}</arg>
<arg>${username}</arg>
<doc>Types the given ``text`` into the text field identified by ``locator``.</doc>
<status status="PASS" start="2025-10-07T18:07:23.352724" elapsed="0.270716"/>
</kw>
<arg>${INVALID_USER}</arg>
<status status="PASS" start="2025-10-07T18:07:23.345791" elapsed="0.277869"/>
</kw>
<kw name="Input Password" owner="keywords">
<kw name="Input Text" owner="SeleniumLibrary">
<msg time="2025-10-07T18:07:23.625609" level="INFO">Typing text 'secret_sauce' into text field 'id=password'.</msg>
<arg>${INPUT_PASSWORD}</arg>
<arg>${password}</arg>
<doc>Types the given ``text`` into the text field identified by ``locator``.</doc>
<status status="PASS" start="2025-10-07T18:07:23.624859" elapsed="0.210203"/>
</kw>
<arg>${VALID_PASS}</arg>
<status status="PASS" start="2025-10-07T18:07:23.624130" elapsed="0.211116"/>
</kw>
<kw name="Submit Login" owner="keywords">
<kw name="Click Button" owner="SeleniumLibrary">
<msg time="2025-10-07T18:07:23.836541" level="INFO">Clicking button 'id=login-button'.</msg>
<arg>${BTN_LOGIN}</arg>
<doc>Clicks the button identified by ``locator``.</doc>
<status status="PASS" start="2025-10-07T18:07:23.836171" elapsed="0.120204"/>
</kw>
<status status="PASS" start="2025-10-07T18:07:23.835711" elapsed="0.120901"/>
</kw>
<kw name="Flash Should Contain" owner="keywords">
<kw name="Wait Until Element Is Visible" owner="SeleniumLibrary">
<arg>${FLASH}</arg>
<arg>10s</arg>
<doc>Waits until the element ``locator`` is visible.</doc>
<status status="PASS" start="2025-10-07T18:07:23.957753" elapsed="0.024741"/>
</kw>
<kw name="Get Text" owner="SeleniumLibrary">
<msg time="2025-10-07T18:07:24.015046" level="INFO">${text} = Epic sadface: Sorry, this user has been locked out.</msg>
<var>${text}</var>
<arg>${FLASH}</arg>
<doc>Returns the text value of the element identified by ``locator``.</doc>
<status status="PASS" start="2025-10-07T18:07:23.982766" elapsed="0.032416"/>
</kw>
<kw name="Should Contain" owner="BuiltIn">
<arg>${text}</arg>
<arg>${expected}</arg>
<doc>Fails if ``container`` does not contain ``item`` one or more times.</doc>
<status status="PASS" start="2025-10-07T18:07:24.015760" elapsed="0.000750"/>
</kw>
<arg>${MSG_INVALID_USERNAME}</arg>
<status status="PASS" start="2025-10-07T18:07:23.957241" elapsed="0.059497"/>
</kw>
<kw name="Close Browser" owner="keywords" type="TEARDOWN">
<kw name="Close All Browsers" owner="SeleniumLibrary">
<doc>Closes all open browsers and resets the browser cache.</doc>
<status status="PASS" start="2025-10-07T18:07:24.017835" elapsed="0.096267"/>
</kw>
<doc>ปิดเบราว์เซอร์ทั้งหมด</doc>
<status status="PASS" start="2025-10-07T18:07:24.017406" elapsed="0.096925"/>
</kw>
<doc>To verify that a user can login unsuccessfully when they put a wrong username but correct password.</doc>
<status status="PASS" start="2025-10-07T18:07:21.334513" elapsed="2.780064"/>
</test>
<status status="PASS" start="2025-10-07T18:07:16.860687" elapsed="7.255320"/>
</suite>
<statistics>
<total>
<stat pass="2" fail="0" skip="0">All Tests</stat>
</total>
<tag>
</tag>
<suite>
<stat name="Login" id="s1" pass="2" fail="0" skip="0">Login</stat>
</suite>
</statistics>
<errors>
</errors>
</robot>
