<?xml version="1.0" encoding="UTF-8"?>
<robot generator="Robot 7.3.2 (Python 3.13.5 on darwin)" generated="2025-10-08T17:35:28.537271" rpa="false" schemaversion="5">
<suite id="s1" name="Productlist" source="/Users/user/Documents/robot-test-project-cicd/tests/productlist.robot">
<test id="s1-t1" name="Verify UI Elements" line="10">
<kw name="Open Browser To Login Page" owner="keywords" type="SETUP">
<kw name="Evaluate" owner="BuiltIn">
<msg time="2025-10-08T17:35:28.860019" level="INFO">${options} = &lt;selenium.webdriver.chrome.options.Options object at 0x10895dd30&gt;</msg>
<var>${options}</var>
<arg>sys.modules['selenium.webdriver'].ChromeOptions()</arg>
<arg>sys, selenium.webdriver</arg>
<doc>Evaluates the given expression in Python and returns the result.</doc>
<status status="PASS" start="2025-10-08T17:35:28.859600" elapsed="0.000478"/>
</kw>
<kw name="Call Method" owner="BuiltIn">
<arg>${options}</arg>
<arg>add_argument</arg>
<arg>--headless</arg>
<doc>Calls the named method of the given object with the provided arguments.</doc>
<status status="PASS" start="2025-10-08T17:35:28.860766" elapsed="0.000256"/>
</kw>
<kw name="Call Method" owner="BuiltIn">
<arg>${options}</arg>
<arg>add_argument</arg>
<arg>--disable-gpu</arg>
<doc>Calls the named method of the given object with the provided arguments.</doc>
<status status="PASS" start="2025-10-08T17:35:28.861185" elapsed="0.000208"/>
</kw>
<kw name="Call Method" owner="BuiltIn">
<arg>${options}</arg>
<arg>add_argument</arg>
<arg>--no-sandbox</arg>
<doc>Calls the named method of the given object with the provided arguments.</doc>
<status status="PASS" start="2025-10-08T17:35:28.861542" elapsed="0.000179"/>
</kw>
<kw name="Call Method" owner="BuiltIn">
<arg>${options}</arg>
<arg>add_argument</arg>
<arg>--disable-dev-shm-usage</arg>
<doc>Calls the named method of the given object with the provided arguments.</doc>
<status status="PASS" start="2025-10-08T17:35:28.861859" elapsed="0.000180"/>
</kw>
<kw name="Create Webdriver" owner="SeleniumLibrary">
<msg time="2025-10-08T17:35:28.862446" level="INFO">Creating an instance of the Chrome WebDriver.</msg>
<arg>Chrome</arg>
<arg>options=${options}</arg>
<doc>Creates an instance of Selenium WebDriver.</doc>
<status status="PASS" start="2025-10-08T17:35:28.862196" elapsed="1.719629"/>
</kw>
<kw name="Go To" owner="SeleniumLibrary">
<msg time="2025-10-08T17:35:30.583521" level="INFO">Opening url 'https://www.saucedemo.com/'</msg>
<arg>${URL}</arg>
<doc>Navigates the current browser window to the provided ``url``.</doc>
<status status="PASS" start="2025-10-08T17:35:30.582854" elapsed="0.490220"/>
</kw>
<kw name="Maximize Browser Window" owner="SeleniumLibrary">
<doc>Maximizes current browser window.</doc>
<status status="PASS" start="2025-10-08T17:35:31.073476" elapsed="0.054518"/>
</kw>
<kw name="Wait Until Element Is Visible" owner="SeleniumLibrary">
<arg>${INPUT_USERNAME}</arg>
<arg>10s</arg>
<doc>Waits until the element ``locator`` is visible.</doc>
<status status="PASS" start="2025-10-08T17:35:31.129371" elapsed="0.081580"/>
</kw>
<status status="PASS" start="2025-10-08T17:35:28.858643" elapsed="2.352732"/>
</kw>
<kw name="Log in to the website" owner="keywords">
<kw name="Input Text" owner="SeleniumLibrary">
<msg time="2025-10-08T17:35:31.213772" level="INFO">Typing text 'standard_user' into text field 'id=user-name'.</msg>
<arg>${INPUT_USERNAME}</arg>
<arg>${VALID_USER}</arg>
<doc>Types the given ``text`` into the text field identified by ``locator``.</doc>
<status status="PASS" start="2025-10-08T17:35:31.213173" elapsed="0.250737"/>
</kw>
<kw name="Input Text" owner="SeleniumLibrary">
<msg time="2025-10-08T17:35:31.464669" level="INFO">Typing text 'secret_sauce' into text field 'id=password'.</msg>
<arg>${INPUT_PASSWORD}</arg>
<arg>${VALID_PASS}</arg>
<doc>Types the given ``text`` into the text field identified by ``locator``.</doc>
<status status="PASS" start="2025-10-08T17:35:31.464220" elapsed="0.216599"/>
</kw>
<kw name="Click Button" owner="SeleniumLibrary">
<msg time="2025-10-08T17:35:31.681910" level="INFO">Clicking button 'id=login-button'.</msg>
<arg>${BTN_LOGIN}</arg>
<doc>Clicks the button identified by ``locator``.</doc>
<status status="PASS" start="2025-10-08T17:35:31.681261" elapsed="0.312550"/>
</kw>
<kw name="Wait Until Page Contains Element" owner="SeleniumLibrary">
<arg>${BTN_BURGER}</arg>
<doc>Waits until the element ``locator`` appears on the current page.</doc>
<status status="PASS" start="2025-10-08T17:35:31.994191" elapsed="0.015815"/>
</kw>
<status status="PASS" start="2025-10-08T17:35:31.212456" elapsed="0.797776"/>
</kw>
<kw name="Page Should Contain Element" owner="SeleniumLibrary">
<msg time="2025-10-08T17:35:32.025057" level="INFO">Current page contains element '//div[@class='inventory_item_img']'.</msg>
<arg>${IMG_PRODUCT}</arg>
<doc>Verifies that element ``locator`` is found on the current page.</doc>
<status status="PASS" start="2025-10-08T17:35:32.010635" elapsed="0.014552"/>
</kw>
<kw name="Page Should Contain Element" owner="SeleniumLibrary">
<msg time="2025-10-08T17:35:32.042339" level="INFO">Current page contains element '//div[@class='inventory_item_name ']'.</msg>
<arg>${PRODUCT_NAME}</arg>
<doc>Verifies that element ``locator`` is found on the current page.</doc>
<status status="PASS" start="2025-10-08T17:35:32.025494" elapsed="0.017103"/>
</kw>
<kw name="Page Should Contain Element" owner="SeleniumLibrary">
<msg time="2025-10-08T17:35:32.061236" level="INFO">Current page contains element '//div[@class='inventory_item_desc']'.</msg>
<arg>${PRODUCT_DESCRIPTION}</arg>
<doc>Verifies that element ``locator`` is found on the current page.</doc>
<status status="PASS" start="2025-10-08T17:35:32.043419" elapsed="0.017932"/>
</kw>
<kw name="Page Should Contain Element" owner="SeleniumLibrary">
<msg time="2025-10-08T17:35:32.080123" level="INFO">Current page contains element '//div[@class='inventory_item_price']'.</msg>
<arg>${PRODUCT_PRICE}</arg>
<doc>Verifies that element ``locator`` is found on the current page.</doc>
<status status="PASS" start="2025-10-08T17:35:32.061634" elapsed="0.018614"/>
</kw>
<kw name="Page Should Contain Element" owner="SeleniumLibrary">
<msg time="2025-10-08T17:35:32.123481" level="INFO">Current page contains element '//button[@class='btn btn_primary btn_small btn_inventory ']'.</msg>
<arg>${BTN_ADDTOCART}</arg>
<doc>Verifies that element ``locator`` is found on the current page.</doc>
<status status="PASS" start="2025-10-08T17:35:32.080553" elapsed="0.043159"/>
</kw>
<kw name="Get Element Count" owner="SeleniumLibrary">
<msg time="2025-10-08T17:35:32.139103" level="INFO">${count} = 6</msg>
<var>${count}</var>
<arg>${IMG_PRODUCT}</arg>
<doc>Returns the number of elements matching ``locator``.</doc>
<status status="PASS" start="2025-10-08T17:35:32.124534" elapsed="0.014708"/>
</kw>
<kw name="Should Be Equal As Integers" owner="BuiltIn">
<msg time="2025-10-08T17:35:32.141142" level="INFO">Argument types are:
&lt;class 'int'&gt;
&lt;class 'str'&gt;</msg>
<arg>${count}</arg>
<arg>6</arg>
<doc>Fails if objects are unequal after converting them to integers.</doc>
<status status="PASS" start="2025-10-08T17:35:32.140252" elapsed="0.001259"/>
</kw>
<kw name="Page Should Contain Element" owner="SeleniumLibrary">
<msg time="2025-10-08T17:35:32.160819" level="INFO">Current page contains element '//li[@class='social_twitter']'.</msg>
<arg>${FOOTER_TW}</arg>
<doc>Verifies that element ``locator`` is found on the current page.</doc>
<status status="PASS" start="2025-10-08T17:35:32.142154" elapsed="0.018786"/>
</kw>
<kw name="Page Should Contain Element" owner="SeleniumLibrary">
<msg time="2025-10-08T17:35:32.179079" level="INFO">Current page contains element '//li[@class='social_facebook']'.</msg>
<arg>${FOOTER_FB}</arg>
<doc>Verifies that element ``locator`` is found on the current page.</doc>
<status status="PASS" start="2025-10-08T17:35:32.161326" elapsed="0.017875"/>
</kw>
<kw name="Page Should Contain Element" owner="SeleniumLibrary">
<msg time="2025-10-08T17:35:32.195697" level="INFO">Current page contains element '//li[@class='social_linkedin']'.</msg>
<arg>${FOOTER_LI}</arg>
<doc>Verifies that element ``locator`` is found on the current page.</doc>
<status status="PASS" start="2025-10-08T17:35:32.179482" elapsed="0.016480"/>
</kw>
<kw name="Close Browser" owner="keywords" type="TEARDOWN">
<kw name="Close All Browsers" owner="SeleniumLibrary">
<doc>Closes all open browsers and resets the browser cache.</doc>
<status status="PASS" start="2025-10-08T17:35:32.198142" elapsed="0.157955"/>
</kw>
<doc>ปิดเบราว์เซอร์ทั้งหมด</doc>
<status status="PASS" start="2025-10-08T17:35:32.197138" elapsed="0.159301"/>
</kw>
<doc>To verify that the product list page displays all element correctly.</doc>
<status status="PASS" start="2025-10-08T17:35:28.857291" elapsed="3.499421"/>
</test>
<status status="PASS" start="2025-10-08T17:35:28.538887" elapsed="3.819029"/>
</suite>
<statistics>
<total>
<stat pass="1" fail="0" skip="0">All Tests</stat>
</total>
<tag>
</tag>
<suite>
<stat name="Productlist" id="s1" pass="1" fail="0" skip="0">Productlist</stat>
</suite>
</statistics>
<errors>
<msg time="2025-10-08T17:35:28.588704" level="WARN">Error in file '/Users/user/Documents/robot-test-project-cicd/resources/keywords.robot' on line 77: The '[Return]' setting is deprecated. Use the 'RETURN' statement instead.</msg>
<msg time="2025-10-08T17:35:28.589306" level="WARN">Error in file '/Users/user/Documents/robot-test-project-cicd/resources/keywords.robot' on line 88: The '[Return]' setting is deprecated. Use the 'RETURN' statement instead.</msg>
</errors>
</robot>
